<?xml version="1.0" encoding="UTF-8"?>
<!-- Generated by org.testng.reporters.JUnitReportReporter -->
<testsuite hostname="User" name="io.duotech.tests.LoginTest" tests="4" failures="0" timestamp="17 Apr 2020 17:52:49 GMT" time="23.380" errors="0">
  <testcase name="negativeLoginUsingPOM" time="5.960" classname="io.duotech.tests.LoginTest"/>
  <testcase name="positiveLoginUsingPOMMethods" time="7.381" classname="io.duotech.tests.LoginTest"/>
  <testcase name="positiveLoginUsingPOM" time="4.742" classname="io.duotech.tests.LoginTest"/>
  <testcase name="positiveLoginTest" time="5.297" classname="io.duotech.tests.LoginTest"/>
</testsuite> <!-- io.duotech.tests.LoginTest -->
